<?xml version="1.0" encoding="UTF-8"?>
<!-- Generated by org.testng.reporters.JUnitXMLReporter -->
<testsuite ignored="0" hostname="DESKTOP-RCT58NL" failures="0" tests="4" name="Test" time="35.61" errors="0" timestamp="2025-03-03T11:32:58 IST">
  <testcase classname="com.Mar3.FBDataProvider" name="verifylogin" time="1.013"/>
  <testcase classname="com.Mar3.FBDataProvider" name="verifylogin" time="0.512"/>
  <testcase classname="com.Mar3.FBDataProvider" name="verifylogin" time="0.427"/>
  <testcase classname="com.Mar3.FBDataProvider" name="verifylogin" time="0.408"/>
</testsuite> <!-- Test -->
