<?xml version="1.0" encoding="UTF-8"?>
<testng-results ignored="0" total="2" passed="2" failed="0" skipped="0">
  <reporter-output>
  </reporter-output>
  <suite started-at="2025-03-04T15:58:47 IST" name="Suite" finished-at="2025-03-04T15:59:11 IST" duration-ms="24247">
    <groups>
    </groups>
    <test started-at="2025-03-04T15:58:47 IST" name="Test" finished-at="2025-03-04T15:59:11 IST" duration-ms="24247">
      <class name="com.Mar4.testListener">
        <test-method is-config="true" signature="launchfb()[pri:0, instance:com.Mar4.testListener@424e1977]" started-at="2025-03-04T15:58:48 IST" name="launchfb" finished-at="2025-03-04T15:58:58 IST" duration-ms="9912" status="PASS">
          <reporter-output>
          </reporter-output>
        </test-method> <!-- launchfb -->
        <test-method signature="login()[pri:1, instance:com.Mar4.testListener@424e1977]" started-at="2025-03-04T15:58:58 IST" name="login" finished-at="2025-03-04T15:58:58 IST" duration-ms="684" status="PASS">
          <reporter-output>
          </reporter-output>
        </test-method> <!-- login -->
        <test-method is-config="true" signature="end()[pri:0, instance:com.Mar4.testListener@424e1977]" started-at="2025-03-04T15:58:59 IST" name="end" finished-at="2025-03-04T15:59:01 IST" duration-ms="1882" status="PASS">
          <reporter-output>
          </reporter-output>
        </test-method> <!-- end -->
        <test-method is-config="true" signature="launchfb()[pri:0, instance:com.Mar4.testListener@424e1977]" started-at="2025-03-04T15:59:01 IST" name="launchfb" finished-at="2025-03-04T15:59:07 IST" duration-ms="6342" status="PASS">
          <reporter-output>
          </reporter-output>
        </test-method> <!-- launchfb -->
        <test-method signature="forgotpass()[pri:2, instance:com.Mar4.testListener@424e1977]" started-at="2025-03-04T15:59:07 IST" name="forgotpass" finished-at="2025-03-04T15:59:10 IST" duration-ms="2975" status="PASS">
          <reporter-output>
          </reporter-output>
        </test-method> <!-- forgotpass -->
        <test-method is-config="true" signature="end()[pri:0, instance:com.Mar4.testListener@424e1977]" started-at="2025-03-04T15:59:10 IST" name="end" finished-at="2025-03-04T15:59:11 IST" duration-ms="1439" status="PASS">
          <reporter-output>
          </reporter-output>
        </test-method> <!-- end -->
      </class> <!-- com.Mar4.testListener -->
    </test> <!-- Test -->
  </suite> <!-- Suite -->
</testng-results>
