<?xml version="1.0" encoding="UTF-8"?>
<testng-results ignored="0" total="2" passed="2" failed="0" skipped="0">
  <reporter-output>
  </reporter-output>
  <suite started-at="2025-03-09T16:24:20 IST" name="Default suite" finished-at="2025-03-09T16:24:46 IST" duration-ms="26130">
    <groups>
      <group name="cucumber">
        <method signature="AbstractTestNGCucumberTests.runScenario(io.cucumber.testng.PickleWrapper,io.cucumber.testng.FeatureWrapper)[pri:0, instance:runner.RunnerTestCase@a2431d0]" name="runScenario" class="io.cucumber.testng.AbstractTestNGCucumberTests"/>
      </group> <!-- cucumber -->
    </groups>
    <test started-at="2025-03-09T16:24:20 IST" name="Default test" finished-at="2025-03-09T16:24:46 IST" duration-ms="26130">
      <class name="runner.RunnerTestCase">
        <test-method is-config="true" signature="setUpClass(org.testng.ITestContext)[pri:0, instance:runner.RunnerTestCase@a2431d0]" started-at="2025-03-09T16:24:20 IST" name="setUpClass" finished-at="2025-03-09T16:24:21 IST" duration-ms="1074" status="PASS">
          <params>
            <param index="0">
              <value>
                <![CDATA[org.testng.TestRunner@44c13103]]>
              </value>
            </param>
          </params>
          <reporter-output>
          </reporter-output>
        </test-method> <!-- setUpClass -->
        <test-method signature="runScenario(io.cucumber.testng.PickleWrapper,io.cucumber.testng.FeatureWrapper)[pri:0, instance:runner.RunnerTestCase@a2431d0]" started-at="2025-03-09T16:24:21 IST" name="runScenario" description="Runs Cucumber Scenarios" data-provider="scenarios" finished-at="2025-03-09T16:24:35 IST" duration-ms="13748" status="PASS">
          <params>
            <param index="0">
              <value>
                <![CDATA["Login with correct username and correct password"]]>
              </value>
            </param>
            <param index="1">
              <value>
                <![CDATA["Rediff Sign-in"]]>
              </value>
            </param>
          </params>
          <reporter-output>
          </reporter-output>
        </test-method> <!-- runScenario -->
        <test-method signature="runScenario(io.cucumber.testng.PickleWrapper,io.cucumber.testng.FeatureWrapper)[pri:0, instance:runner.RunnerTestCase@a2431d0]" started-at="2025-03-09T16:24:35 IST" name="runScenario" description="Runs Cucumber Scenarios" data-provider="scenarios" finished-at="2025-03-09T16:24:46 IST" duration-ms="11067" status="PASS">
          <params>
            <param index="0">
              <value>
                <![CDATA["Login with correct username and correct password"]]>
              </value>
            </param>
            <param index="1">
              <value>
                <![CDATA["Rediff Sign-in"]]>
              </value>
            </param>
          </params>
          <reporter-output>
          </reporter-output>
        </test-method> <!-- runScenario -->
        <test-method is-config="true" signature="tearDownClass()[pri:0, instance:runner.RunnerTestCase@a2431d0]" started-at="2025-03-09T16:24:46 IST" name="tearDownClass" finished-at="2025-03-09T16:24:46 IST" duration-ms="160" status="PASS">
          <reporter-output>
          </reporter-output>
        </test-method> <!-- tearDownClass -->
      </class> <!-- runner.RunnerTestCase -->
    </test> <!-- Default test -->
  </suite> <!-- Default suite -->
</testng-results>
